2019-03-02 14:40:19.930  INFO 17996 --- [main] me.look.StartApplication                 : Starting StartApplication on 20180409pc4 with PID 17996 (F:\JavaCode\Membership\mow\target\classes started by Administrator in F:\JavaCode\Membership\mow)
2019-03-02 14:40:19.940  INFO 17996 --- [main] me.look.StartApplication                 : No active profile set, falling back to default profiles: default
2019-03-02 14:40:22.043  INFO 17996 --- [main] o.s.b.w.embedded.tomcat.TomcatWebServer  : Tomcat initialized with port(s): 8080 (http)
2019-03-02 14:40:22.077  INFO 17996 --- [main] o.apache.catalina.core.StandardService   : Starting service [Tomcat]
2019-03-02 14:40:22.078  INFO 17996 --- [main] org.apache.catalina.core.StandardEngine  : Starting Servlet engine: [Apache Tomcat/9.0.14]
2019-03-02 14:40:22.098  INFO 17996 --- [main] o.a.catalina.core.AprLifecycleListener   : The APR based Apache Tomcat Native library which allows optimal performance in production environments was not found on the java.library.path: [C:\Java\jdk1.8.0_171\bin;C:\WINDOWS\Sun\Java\bin;C:\WINDOWS\system32;C:\WINDOWS;C:\Program Files\Microsoft MPI\Bin\;C:\Program Files (x86)\Common Files\Oracle\Java\javapath;C:\Windows\system32;C:\Windows;C:\Windows\System32\Wbem;C:\Windows\System32\WindowsPowerShell\v1.0\;C:\Program Files (x86)\NVIDIA Corporation\PhysX\Common;D:\Program Files (x86)\Microsoft SQL Server\100\Tools\Binn\;D:\Program Files\Microsoft SQL Server\100\Tools\Binn\;D:\Program Files\Microsoft SQL Server\100\DTS\Binn\;D:\Program Files (x86)\Microsoft SQL Server\100\Tools\Binn\VSShell\Common7\IDE\;C:\Program Files (x86)\Microsoft Visual Studio 9.0\Common7\IDE\PrivateAssemblies\;D:\Program Files (x86)\Microsoft SQL Server\100\DTS\Binn\;D:\Program Files\TortoiseSVN\bin;C:\Java\jdk1.8.0_171\bin;C:\Java\jdk1.8.0_171\jre\bin;C:\Program Files\Microsoft SQL Server\130\Tools\Binn\;D:\Program Files\VisualSVN Server\bin;C:\Program Files\dotnet\;C:\Program Files (x86)\dotnet\;D:\Program Files\Microsoft VS Code\bin;C:\Program Files\Microsoft\Web Platform Installer\;C:\Windows\System32\WindowsPowerShell\v1.0;C:\WINDOWS\System32\WindowsPowerShell\v1.0\;C:\WINDOWS\system32;C:\WINDOWS;C:\WINDOWS\System32\Wbem;C:\WINDOWS\System32\WindowsPowerShell\v1.0\;C:\WINDOWS\System32\OpenSSH\;C:\Program Files\Microsoft Service Fabric\bin\Fabric\Fabric.Code;C:\Program Files\Microsoft SDKs\Service Fabric\Tools\ServiceFabricLocalClusterManager;C:\Program Files (x86)\Microsoft SQL Server\140\Tools\Binn\;C:\Program Files\Microsoft SQL Server\140\Tools\Binn\;C:\Program Files (x86)\Microsoft SQL Server\140\DTS\Binn\;C:\Program Files\Microsoft SQL Server\140\DTS\Binn\;C:\Program Files\Microsoft SQL Server\Client SDK\ODBC\130\Tools\Binn\;C:\Program Files (x86)\Microsoft SQL Server\Client SDK\ODBC\130\Tools\Binn\;C:\Program Files (x86)\Microsoft SQL Server\140\Tools\Binn\ManagementStudio\;D:\phpStudy\PHPTutorial\php\php-5.4.45;D:\Program Files\Git\cmd;D:\Program Files\mysql-5.7.25-winx64\mysql-5.7.25-winx64\bin;C:\Program Files\TortoiseGit\bin;;D:\Program Files\Microsoft VS Code\bin;C:\Users\Administrator\AppData\Local\Microsoft\WindowsApps;C:\Users\Administrator\.dotnet\tools;.]
2019-03-02 14:40:22.538  INFO 17996 --- [main] org.apache.jasper.servlet.TldScanner     : At least one JAR was scanned for TLDs yet contained no TLDs. Enable debug logging for this logger for a complete list of JARs that were scanned but no TLDs were found in them. Skipping unneeded JARs during scanning can improve startup time and JSP compilation time.
2019-03-02 14:40:22.544  INFO 17996 --- [main] o.a.c.c.C.[Tomcat].[localhost].[/]       : Initializing Spring embedded WebApplicationContext
2019-03-02 14:40:22.544  INFO 17996 --- [main] o.s.web.context.ContextLoader            : Root WebApplicationContext: initialization completed in 2474 ms
2019-03-02 14:40:22.797  INFO 17996 --- [main] c.a.d.s.b.a.DruidDataSourceAutoConfigure : Init DruidDataSource
2019-03-02 14:40:23.007  INFO 17996 --- [main] com.alibaba.druid.pool.DruidDataSource   : {dataSource-1} inited
2019-03-02 14:40:23.591  INFO 17996 --- [main] o.s.s.concurrent.ThreadPoolTaskExecutor  : Initializing ExecutorService 'applicationTaskExecutor'
2019-03-02 14:40:23.758  INFO 17996 --- [main] o.s.b.a.w.s.WelcomePageHandlerMapping    : Adding welcome page template: index
2019-03-02 14:40:24.069  INFO 17996 --- [main] o.s.b.w.embedded.tomcat.TomcatWebServer  : Tomcat started on port(s): 8080 (http) with context path ''
2019-03-02 14:40:24.072  INFO 17996 --- [main] me.look.StartApplication                 : Started StartApplication in 5.035 seconds (JVM running for 6.757)
2019-03-02 14:40:35.962  INFO 17996 --- [http-nio-8080-exec-1] o.a.c.c.C.[Tomcat].[localhost].[/]       : Initializing Spring DispatcherServlet 'dispatcherServlet'
2019-03-02 14:40:35.962  INFO 17996 --- [http-nio-8080-exec-1] o.s.web.servlet.DispatcherServlet        : Initializing Servlet 'dispatcherServlet'
2019-03-02 14:40:35.970  INFO 17996 --- [http-nio-8080-exec-1] o.s.web.servlet.DispatcherServlet        : Completed initialization in 8 ms
2019-03-02 14:41:19.021 DEBUG 17996 --- [http-nio-8080-exec-4] m.l.m.AccountMapper.selectByPrimaryKey   : ==>  Preparing: select Id, CreateTime, IsDelete, UserName, PassWord, Name, EmployeeId, AccountDeptId, Phone, Email, Qq, WeChat, RoleList, LoginTime, LockStatus, JobCode, StoreId, StoreName from account where Id = ? 
2019-03-02 14:41:19.076 DEBUG 17996 --- [http-nio-8080-exec-4] m.l.m.AccountMapper.selectByPrimaryKey   : ==> Parameters: 2(Long)
2019-03-02 14:41:19.103 DEBUG 17996 --- [http-nio-8080-exec-4] m.l.m.AccountMapper.selectByPrimaryKey   : <==      Total: 1
